info: Sep-05-2022 18:21:27: RequestData : 	{"id":"j9VQ1xv4zrv2ao2F0PgBualPu1662382283974000","url":"/resource/by/630da4803f5f4f1b96f99b2b","method":"POST","body":{"id":"j9VQ1xv4zrv2ao2F0PgBualPu1662382283974000"}}
info: Sep-05-2022 18:42:41: RequestData : 	{"id":"e6R3lwaRgPvd24rxdnhyKoOVy1662383557500000","url":"/resource/by/630da4803f5f4f1b96f99b2b","method":"POST","body":{"id":"e6R3lwaRgPvd24rxdnhyKoOVy1662383557500000"}}
info: Sep-05-2022 18:42:41: RequestData : 	{"id":"","success":true,"data":{"_id":"630da4803f5f4f1b96f99b2b","firstName":"suresh","lastName":"kanzariya","email":"sureshgtcsys@gmail.com","password":"admin@123","status":false,"hasUserChangedInitialPWD":false,"insertedAt":"2022-08-30T05:47:44.329Z","insertedBy":"kashyap patel","role":"user","__v":0}}
info: Sep-05-2022 18:43:35: RequestData : 	{"id":"1jwGynh0mukQ6YOQZSNskIXql1662383612975000","url":"/resource/by/630da4803f5f4f1b96f99b2b","method":"POST","body":{"id":"1jwGynh0mukQ6YOQZSNskIXql1662383612975000"}}
info: Sep-05-2022 18:43:36: RequestData : 	{"id":"1jwGynh0mukQ6YOQZSNskIXql1662383612975000","success":true,"data":{"_id":"630da4803f5f4f1b96f99b2b","firstName":"suresh","lastName":"kanzariya","email":"sureshgtcsys@gmail.com","password":"admin@123","status":false,"hasUserChangedInitialPWD":false,"insertedAt":"2022-08-30T05:47:44.329Z","insertedBy":"kashyap patel","role":"user","__v":0}}
info: Sep-05-2022 18:44:36: RequestData : 	{"id":"LqyNiL3l4m3JpqjncBts79yNY1662383673005000","url":"/resource/by/630da4803f5f4f1b96f99b2b","method":"POST","body":{"id":"LqyNiL3l4m3JpqjncBts79yNY1662383673005000"}}
info: Sep-05-2022 18:44:36: RequestData : 	{"id":"LqyNiL3l4m3JpqjncBts79yNY1662383673005000","success":true,"data":{"_id":"630da4803f5f4f1b96f99b2b","firstName":"suresh","lastName":"kanzariya","email":"sureshgtcsys@gmail.com","password":"admin@123","status":false,"hasUserChangedInitialPWD":false,"insertedAt":"2022-08-30T05:47:44.329Z","insertedBy":"kashyap patel","role":"user","__v":0}}
info: Sep-05-2022 18:47:06: RequestData : 	{"id":"FjeL2BNwlKJVphOtVeaR0Hi6Q1662383823399000","url":"/resource/by/630da4803f5f4f1b96f99b2b","method":"POST","body":{"id":"FjeL2BNwlKJVphOtVeaR0Hi6Q1662383823399000"}}
info: Sep-05-2022 18:47:06: RequestData : 	{"id":"FjeL2BNwlKJVphOtVeaR0Hi6Q1662383823399000","success":true,"data":{"_id":"630da4803f5f4f1b96f99b2b","firstName":"suresh","lastName":"kanzariya","email":"sureshgtcsys@gmail.com","password":"admin@123","status":false,"hasUserChangedInitialPWD":false,"insertedAt":"2022-08-30T05:47:44.329Z","insertedBy":"kashyap patel","role":"user","__v":0}}
info: Sep-05-2022 18:48:22: RequestData : 	{"id":"JS0jz9tOKSoi4gPQuclKdFrWV1662383898761000","url":"/resource/by/630da4803f5f4f1b96f99b2b","method":"POST","body":{"id":"JS0jz9tOKSoi4gPQuclKdFrWV1662383898761000"}}
info: Sep-05-2022 18:48:22: RequestData : 	{"id":"JS0jz9tOKSoi4gPQuclKdFrWV1662383898761000","success":true,"data":{"_id":"630da4803f5f4f1b96f99b2b","firstName":"suresh","lastName":"kanzariya","email":"sureshgtcsys@gmail.com","password":"admin@123","status":false,"hasUserChangedInitialPWD":false,"insertedAt":"2022-08-30T05:47:44.329Z","insertedBy":"kashyap patel","role":"user","__v":0}}
info: Sep-06-2022 11:13:27: Data : 	{"id":"Gqi2lAzIt8RTvJjQmTausCwwx1662443007210000","url":"/resource/by/630da4443f5f4f1b96f99b25","method":"POST","body":{"id":"Gqi2lAzIt8RTvJjQmTausCwwx1662443007210000"}}
info: Sep-06-2022 11:13:27: Data : 	{"id":"Gqi2lAzIt8RTvJjQmTausCwwx1662443007210000","success":true,"data":{"_id":"630da4443f5f4f1b96f99b25","firstName":"viral","lastName":"kanzariya","email":"viralgtcsys@gmail.com","password":"admin@123","status":false,"hasUserChangedInitialPWD":false,"insertedAt":"2022-08-30T05:46:44.047Z","insertedBy":"kashyap patel","role":"user","__v":0}}
info: Sep-06-2022 11:14:16: Data : 	{"id":"39LfTbGuR5f2KCGLMqd0CW12x1662443056834000","url":"/resource/by/630da4443f5f4f1b96f99b25","method":"POST","body":{"id":"39LfTbGuR5f2KCGLMqd0CW12x1662443056834000"}}
info: Sep-06-2022 11:14:16: Data : 	{"id":"39LfTbGuR5f2KCGLMqd0CW12x1662443056834000","success":true,"data":{"_id":"630da4443f5f4f1b96f99b25","firstName":"viral","lastName":"kanzariya","email":"viralgtcsys@gmail.com","password":"admin@123","status":false,"hasUserChangedInitialPWD":false,"insertedAt":"2022-08-30T05:46:44.047Z","insertedBy":"kashyap patel","role":"user","__v":0}}
info: Sep-06-2022 11:31:35: Data : 	{"id":"IanfRbRpLijVL56ReYvmyRlEc1662444095079000","url":"/resource/by/630da4443f5f4f1b96f99b","method":"POST","body":{"id":"IanfRbRpLijVL56ReYvmyRlEc1662444095079000"}}
error: Sep-06-2022 11:31:35: Data : 	{"id":"IanfRbRpLijVL56ReYvmyRlEc1662444095079000","url":"/resource/by/630da4443f5f4f1b96f99b","method":"POST","body":{"id":"IanfRbRpLijVL56ReYvmyRlEc1662444095079000"}}
info: Sep-06-2022 11:37:25: Data : 	{"id":"2JYAzZvwq9QUjebGucgBqJzCL1662444445410000","url":"/resource/by/630da4443f5f4f1b96f99b","method":"POST","body":{"id":"2JYAzZvwq9QUjebGucgBqJzCL1662444445410000"}}
error: Sep-06-2022 11:37:25: Data : 	{"id":"2JYAzZvwq9QUjebGucgBqJzCL1662444445410000","message":{"stringValue":"\"630da4443f5f4f1b96f99b\"","valueType":"string","kind":"ObjectId","value":"630da4443f5f4f1b96f99b","path":"_id","reason":{},"name":"CastError","message":"Cast to ObjectId failed for value \"630da4443f5f4f1b96f99b\" (type string) at path \"_id\" for model \"resource\""}}
info: Sep-06-2022 11:38:36: Data : 	{"id":"2ZNuBUamGoDZcLTOnnk7xaF7H1662444516122000","url":"/resource/by/630da4443f5f4f1b96f99b","method":"POST","body":{"id":"2ZNuBUamGoDZcLTOnnk7xaF7H1662444516122000"}}
error: Sep-06-2022 11:38:36: Data : 	{"id":"2ZNuBUamGoDZcLTOnnk7xaF7H1662444516122000","errorMessage":"Resource Not Found"}
info: Sep-06-2022 11:45:27: Data : 	{"id":"JxDYX28RFaKZVrbnbPakISJej1662444927934000","url":"/resource/by/630da4443f5f4f1b96f99b","method":"POST","body":{"id":"JxDYX28RFaKZVrbnbPakISJej1662444927934000"}}
error: Sep-06-2022 11:45:27: Data : 	{"id":"JxDYX28RFaKZVrbnbPakISJej1662444927934000","errorMessage":"Resource Not Found"}
info: Sep-06-2022 11:46:41: Data : 	{"id":"wDA3CB9vzXkDiAY8i5RF3ESpN1662445001164000","url":"/resource/by/630da4443f5f4f1b96f99b","method":"POST","body":{"id":"wDA3CB9vzXkDiAY8i5RF3ESpN1662445001164000"}}
error: Sep-06-2022 11:46:41: Data : 	{"id":"wDA3CB9vzXkDiAY8i5RF3ESpN1662445001164000","errorMessage":"Resource Not Found"}
